<?xml version="1.0" encoding="UTF-8"?>
<testsuite xmlns:xsi="http://www.w3.org/2001/XMLSchema-instance" xsi:noNamespaceSchemaLocation="https://maven.apache.org/surefire/maven-surefire-plugin/xsd/surefire-test-report.xsd" name="com.anbu.pubsubdemo.PubsubdemoApplicationTests" time="0.524" tests="1" errors="1" skipped="0" failures="0">
  <properties>
    <property name="java.specification.version" value="17"/>
    <property name="sun.cpu.isalist" value="amd64"/>
    <property name="sun.jnu.encoding" value="Cp1252"/>
    <property name="java.class.path" value="D:\sts\pubsubdemo\target\test-classes;D:\sts\pubsubdemo\target\classes;C:\Users\PRABHAT\.m2\repository\org\springframework\boot\spring-boot-starter-integration\2.5.6\spring-boot-starter-integration-2.5.6.jar;C:\Users\PRABHAT\.m2\repository\org\springframework\boot\spring-boot-starter-aop\2.5.6\spring-boot-starter-aop-2.5.6.jar;C:\Users\PRABHAT\.m2\repository\org\springframework\spring-aop\5.3.12\spring-aop-5.3.12.jar;C:\Users\PRABHAT\.m2\repository\org\aspectj\aspectjweaver\1.9.7\aspectjweaver-1.9.7.jar;C:\Users\PRABHAT\.m2\repository\org\springframework\integration\spring-integration-core\5.5.5\spring-integration-core-5.5.5.jar;C:\Users\PRABHAT\.m2\repository\org\springframework\spring-context\5.3.12\spring-context-5.3.12.jar;C:\Users\PRABHAT\.m2\repository\org\springframework\spring-messaging\5.3.12\spring-messaging-5.3.12.jar;C:\Users\PRABHAT\.m2\repository\org\springframework\spring-tx\5.3.12\spring-tx-5.3.12.jar;C:\Users\PRABHAT\.m2\repository\org\springframework\retry\spring-retry\1.3.1\spring-retry-1.3.1.jar;C:\Users\PRABHAT\.m2\repository\javax\annotation\javax.annotation-api\1.3.2\javax.annotation-api-1.3.2.jar;C:\Users\PRABHAT\.m2\repository\io\projectreactor\reactor-core\3.4.11\reactor-core-3.4.11.jar;C:\Users\PRABHAT\.m2\repository\org\reactivestreams\reactive-streams\1.0.3\reactive-streams-1.0.3.jar;C:\Users\PRABHAT\.m2\repository\org\springframework\boot\spring-boot-starter-web\2.5.6\spring-boot-starter-web-2.5.6.jar;C:\Users\PRABHAT\.m2\repository\org\springframework\boot\spring-boot-starter\2.5.6\spring-boot-starter-2.5.6.jar;C:\Users\PRABHAT\.m2\repository\org\springframework\boot\spring-boot\2.5.6\spring-boot-2.5.6.jar;C:\Users\PRABHAT\.m2\repository\org\springframework\boot\spring-boot-autoconfigure\2.5.6\spring-boot-autoconfigure-2.5.6.jar;C:\Users\PRABHAT\.m2\repository\org\springframework\boot\spring-boot-starter-logging\2.5.6\spring-boot-starter-logging-2.5.6.jar;C:\Users\PRABHAT\.m2\repository\ch\qos\logback\logback-classic\1.2.6\logback-classic-1.2.6.jar;C:\Users\PRABHAT\.m2\repository\ch\qos\logback\logback-core\1.2.6\logback-core-1.2.6.jar;C:\Users\PRABHAT\.m2\repository\org\apache\logging\log4j\log4j-to-slf4j\2.14.1\log4j-to-slf4j-2.14.1.jar;C:\Users\PRABHAT\.m2\repository\org\apache\logging\log4j\log4j-api\2.14.1\log4j-api-2.14.1.jar;C:\Users\PRABHAT\.m2\repository\org\slf4j\jul-to-slf4j\1.7.32\jul-to-slf4j-1.7.32.jar;C:\Users\PRABHAT\.m2\repository\jakarta\annotation\jakarta.annotation-api\1.3.5\jakarta.annotation-api-1.3.5.jar;C:\Users\PRABHAT\.m2\repository\org\yaml\snakeyaml\1.28\snakeyaml-1.28.jar;C:\Users\PRABHAT\.m2\repository\org\springframework\boot\spring-boot-starter-json\2.5.6\spring-boot-starter-json-2.5.6.jar;C:\Users\PRABHAT\.m2\repository\com\fasterxml\jackson\core\jackson-databind\2.12.5\jackson-databind-2.12.5.jar;C:\Users\PRABHAT\.m2\repository\com\fasterxml\jackson\core\jackson-annotations\2.12.5\jackson-annotations-2.12.5.jar;C:\Users\PRABHAT\.m2\repository\com\fasterxml\jackson\core\jackson-core\2.12.5\jackson-core-2.12.5.jar;C:\Users\PRABHAT\.m2\repository\com\fasterxml\jackson\datatype\jackson-datatype-jdk8\2.12.5\jackson-datatype-jdk8-2.12.5.jar;C:\Users\PRABHAT\.m2\repository\com\fasterxml\jackson\datatype\jackson-datatype-jsr310\2.12.5\jackson-datatype-jsr310-2.12.5.jar;C:\Users\PRABHAT\.m2\repository\com\fasterxml\jackson\module\jackson-module-parameter-names\2.12.5\jackson-module-parameter-names-2.12.5.jar;C:\Users\PRABHAT\.m2\repository\org\springframework\boot\spring-boot-starter-tomcat\2.5.6\spring-boot-starter-tomcat-2.5.6.jar;C:\Users\PRABHAT\.m2\repository\org\apache\tomcat\embed\tomcat-embed-core\9.0.54\tomcat-embed-core-9.0.54.jar;C:\Users\PRABHAT\.m2\repository\org\apache\tomcat\embed\tomcat-embed-el\9.0.54\tomcat-embed-el-9.0.54.jar;C:\Users\PRABHAT\.m2\repository\org\apache\tomcat\embed\tomcat-embed-websocket\9.0.54\tomcat-embed-websocket-9.0.54.jar;C:\Users\PRABHAT\.m2\repository\org\springframework\spring-web\5.3.12\spring-web-5.3.12.jar;C:\Users\PRABHAT\.m2\repository\org\springframework\spring-beans\5.3.12\spring-beans-5.3.12.jar;C:\Users\PRABHAT\.m2\repository\org\springframework\spring-webmvc\5.3.12\spring-webmvc-5.3.12.jar;C:\Users\PRABHAT\.m2\repository\org\springframework\spring-expression\5.3.12\spring-expression-5.3.12.jar;C:\Users\PRABHAT\.m2\repository\com\google\cloud\spring-cloud-gcp-starter-pubsub\2.0.0-RC2\spring-cloud-gcp-starter-pubsub-2.0.0-RC2.jar;C:\Users\PRABHAT\.m2\repository\com\google\cloud\spring-cloud-gcp-starter\2.0.0-RC2\spring-cloud-gcp-starter-2.0.0-RC2.jar;C:\Users\PRABHAT\.m2\repository\com\google\cloud\spring-cloud-gcp-core\2.0.0-RC2\spring-cloud-gcp-core-2.0.0-RC2.jar;C:\Users\PRABHAT\.m2\repository\com\google\cloud\google-cloud-core\1.93.9\google-cloud-core-1.93.9.jar;C:\Users\PRABHAT\.m2\repository\com\google\cloud\spring-cloud-gcp-autoconfigure\2.0.0-RC2\spring-cloud-gcp-autoconfigure-2.0.0-RC2.jar;C:\Users\PRABHAT\.m2\repository\com\google\cloud\spring-cloud-gcp-pubsub\2.0.0-RC2\spring-cloud-gcp-pubsub-2.0.0-RC2.jar;C:\Users\PRABHAT\.m2\repository\com\google\cloud\google-cloud-pubsub\1.108.6\google-cloud-pubsub-1.108.6.jar;C:\Users\PRABHAT\.m2\repository\io\grpc\grpc-api\1.33.0\grpc-api-1.33.0.jar;C:\Users\PRABHAT\.m2\repository\io\grpc\grpc-context\1.33.0\grpc-context-1.33.0.jar;C:\Users\PRABHAT\.m2\repository\org\codehaus\mojo\animal-sniffer-annotations\1.19\animal-sniffer-annotations-1.19.jar;C:\Users\PRABHAT\.m2\repository\io\grpc\grpc-stub\1.33.0\grpc-stub-1.33.0.jar;C:\Users\PRABHAT\.m2\repository\io\grpc\grpc-protobuf\1.33.0\grpc-protobuf-1.33.0.jar;C:\Users\PRABHAT\.m2\repository\io\grpc\grpc-protobuf-lite\1.32.2\grpc-protobuf-lite-1.32.2.jar;C:\Users\PRABHAT\.m2\repository\com\google\api\api-common\1.10.0\api-common-1.10.0.jar;C:\Users\PRABHAT\.m2\repository\com\google\protobuf\protobuf-java\3.13.0\protobuf-java-3.13.0.jar;C:\Users\PRABHAT\.m2\repository\com\google\api\grpc\proto-google-common-protos\1.18.1\proto-google-common-protos-1.18.1.jar;C:\Users\PRABHAT\.m2\repository\com\google\api\grpc\proto-google-cloud-pubsub-v1\1.90.6\proto-google-cloud-pubsub-v1-1.90.6.jar;C:\Users\PRABHAT\.m2\repository\com\google\api\grpc\proto-google-iam-v1\1.0.1\proto-google-iam-v1-1.0.1.jar;C:\Users\PRABHAT\.m2\repository\com\google\guava\guava\29.0-jre\guava-29.0-jre.jar;C:\Users\PRABHAT\.m2\repository\org\checkerframework\checker-qual\2.11.1\checker-qual-2.11.1.jar;C:\Users\PRABHAT\.m2\repository\com\google\guava\failureaccess\1.0.1\failureaccess-1.0.1.jar;C:\Users\PRABHAT\.m2\repository\com\google\guava\listenablefuture\9999.0-empty-to-avoid-conflict-with-guava\listenablefuture-9999.0-empty-to-avoid-conflict-with-guava.jar;C:\Users\PRABHAT\.m2\repository\org\checkerframework\checker-compat-qual\2.5.5\checker-compat-qual-2.5.5.jar;C:\Users\PRABHAT\.m2\repository\com\google\j2objc\j2objc-annotations\1.3\j2objc-annotations-1.3.jar;C:\Users\PRABHAT\.m2\repository\com\google\api\gax\1.60.0\gax-1.60.0.jar;C:\Users\PRABHAT\.m2\repository\com\google\auth\google-auth-library-oauth2-http\0.22.0\google-auth-library-oauth2-http-0.22.0.jar;C:\Users\PRABHAT\.m2\repository\com\google\http-client\google-http-client-jackson2\1.37.0\google-http-client-jackson2-1.37.0.jar;C:\Users\PRABHAT\.m2\repository\com\google\api\gax-grpc\1.60.0\gax-grpc-1.60.0.jar;C:\Users\PRABHAT\.m2\repository\io\grpc\grpc-auth\1.33.0\grpc-auth-1.33.0.jar;C:\Users\PRABHAT\.m2\repository\com\google\auth\google-auth-library-credentials\0.22.0\google-auth-library-credentials-0.22.0.jar;C:\Users\PRABHAT\.m2\repository\io\grpc\grpc-netty-shaded\1.33.0\grpc-netty-shaded-1.33.0.jar;C:\Users\PRABHAT\.m2\repository\io\grpc\grpc-alts\1.33.0\grpc-alts-1.33.0.jar;C:\Users\PRABHAT\.m2\repository\io\grpc\grpc-grpclb\1.33.0\grpc-grpclb-1.33.0.jar;C:\Users\PRABHAT\.m2\repository\com\google\protobuf\protobuf-java-util\3.13.0\protobuf-java-util-3.13.0.jar;C:\Users\PRABHAT\.m2\repository\org\apache\commons\commons-lang3\3.12.0\commons-lang3-3.12.0.jar;C:\Users\PRABHAT\.m2\repository\org\conscrypt\conscrypt-openjdk-uber\2.2.1\conscrypt-openjdk-uber-2.2.1.jar;C:\Users\PRABHAT\.m2\repository\org\threeten\threetenbp\1.4.5\threetenbp-1.4.5.jar;C:\Users\PRABHAT\.m2\repository\com\google\code\findbugs\jsr305\3.0.2\jsr305-3.0.2.jar;C:\Users\PRABHAT\.m2\repository\io\opencensus\opencensus-api\0.24.0\opencensus-api-0.24.0.jar;C:\Users\PRABHAT\.m2\repository\io\grpc\grpc-core\1.33.0\grpc-core-1.33.0.jar;C:\Users\PRABHAT\.m2\repository\com\google\code\gson\gson\2.8.8\gson-2.8.8.jar;C:\Users\PRABHAT\.m2\repository\com\google\android\annotations\4.1.1.4\annotations-4.1.1.4.jar;C:\Users\PRABHAT\.m2\repository\io\perfmark\perfmark-api\0.19.0\perfmark-api-0.19.0.jar;C:\Users\PRABHAT\.m2\repository\com\google\errorprone\error_prone_annotations\2.4.0\error_prone_annotations-2.4.0.jar;C:\Users\PRABHAT\.m2\repository\com\google\auto\value\auto-value-annotations\1.7.2\auto-value-annotations-1.7.2.jar;C:\Users\PRABHAT\.m2\repository\com\google\http-client\google-http-client\1.37.0\google-http-client-1.37.0.jar;C:\Users\PRABHAT\.m2\repository\org\apache\httpcomponents\httpclient\4.5.13\httpclient-4.5.13.jar;C:\Users\PRABHAT\.m2\repository\commons-logging\commons-logging\1.2\commons-logging-1.2.jar;C:\Users\PRABHAT\.m2\repository\commons-codec\commons-codec\1.15\commons-codec-1.15.jar;C:\Users\PRABHAT\.m2\repository\org\apache\httpcomponents\httpcore\4.4.14\httpcore-4.4.14.jar;C:\Users\PRABHAT\.m2\repository\io\opencensus\opencensus-contrib-http-util\0.24.0\opencensus-contrib-http-util-0.24.0.jar;C:\Users\PRABHAT\.m2\repository\org\slf4j\slf4j-api\1.7.32\slf4j-api-1.7.32.jar;C:\Users\PRABHAT\.m2\repository\org\springframework\boot\spring-boot-starter-test\2.5.6\spring-boot-starter-test-2.5.6.jar;C:\Users\PRABHAT\.m2\repository\org\springframework\boot\spring-boot-test\2.5.6\spring-boot-test-2.5.6.jar;C:\Users\PRABHAT\.m2\repository\org\springframework\boot\spring-boot-test-autoconfigure\2.5.6\spring-boot-test-autoconfigure-2.5.6.jar;C:\Users\PRABHAT\.m2\repository\com\jayway\jsonpath\json-path\2.5.0\json-path-2.5.0.jar;C:\Users\PRABHAT\.m2\repository\net\minidev\json-smart\2.4.7\json-smart-2.4.7.jar;C:\Users\PRABHAT\.m2\repository\net\minidev\accessors-smart\2.4.7\accessors-smart-2.4.7.jar;C:\Users\PRABHAT\.m2\repository\org\ow2\asm\asm\9.1\asm-9.1.jar;C:\Users\PRABHAT\.m2\repository\jakarta\xml\bind\jakarta.xml.bind-api\2.3.3\jakarta.xml.bind-api-2.3.3.jar;C:\Users\PRABHAT\.m2\repository\jakarta\activation\jakarta.activation-api\1.2.2\jakarta.activation-api-1.2.2.jar;C:\Users\PRABHAT\.m2\repository\org\assertj\assertj-core\3.19.0\assertj-core-3.19.0.jar;C:\Users\PRABHAT\.m2\repository\org\hamcrest\hamcrest\2.2\hamcrest-2.2.jar;C:\Users\PRABHAT\.m2\repository\org\junit\jupiter\junit-jupiter\5.7.2\junit-jupiter-5.7.2.jar;C:\Users\PRABHAT\.m2\repository\org\junit\jupiter\junit-jupiter-api\5.7.2\junit-jupiter-api-5.7.2.jar;C:\Users\PRABHAT\.m2\repository\org\apiguardian\apiguardian-api\1.1.0\apiguardian-api-1.1.0.jar;C:\Users\PRABHAT\.m2\repository\org\opentest4j\opentest4j\1.2.0\opentest4j-1.2.0.jar;C:\Users\PRABHAT\.m2\repository\org\junit\platform\junit-platform-commons\1.7.2\junit-platform-commons-1.7.2.jar;C:\Users\PRABHAT\.m2\repository\org\junit\jupiter\junit-jupiter-params\5.7.2\junit-jupiter-params-5.7.2.jar;C:\Users\PRABHAT\.m2\repository\org\junit\jupiter\junit-jupiter-engine\5.7.2\junit-jupiter-engine-5.7.2.jar;C:\Users\PRABHAT\.m2\repository\org\junit\platform\junit-platform-engine\1.7.2\junit-platform-engine-1.7.2.jar;C:\Users\PRABHAT\.m2\repository\org\mockito\mockito-core\3.9.0\mockito-core-3.9.0.jar;C:\Users\PRABHAT\.m2\repository\net\bytebuddy\byte-buddy\1.10.22\byte-buddy-1.10.22.jar;C:\Users\PRABHAT\.m2\repository\net\bytebuddy\byte-buddy-agent\1.10.22\byte-buddy-agent-1.10.22.jar;C:\Users\PRABHAT\.m2\repository\org\objenesis\objenesis\3.2\objenesis-3.2.jar;C:\Users\PRABHAT\.m2\repository\org\mockito\mockito-junit-jupiter\3.9.0\mockito-junit-jupiter-3.9.0.jar;C:\Users\PRABHAT\.m2\repository\org\skyscreamer\jsonassert\1.5.0\jsonassert-1.5.0.jar;C:\Users\PRABHAT\.m2\repository\com\vaadin\external\google\android-json\0.0.20131108.vaadin1\android-json-0.0.20131108.vaadin1.jar;C:\Users\PRABHAT\.m2\repository\org\springframework\spring-core\5.3.12\spring-core-5.3.12.jar;C:\Users\PRABHAT\.m2\repository\org\springframework\spring-jcl\5.3.12\spring-jcl-5.3.12.jar;C:\Users\PRABHAT\.m2\repository\org\springframework\spring-test\5.3.12\spring-test-5.3.12.jar;C:\Users\PRABHAT\.m2\repository\org\xmlunit\xmlunit-core\2.8.3\xmlunit-core-2.8.3.jar;C:\Users\PRABHAT\.m2\repository\org\springframework\integration\spring-integration-test\5.5.5\spring-integration-test-5.5.5.jar;C:\Users\PRABHAT\.m2\repository\org\springframework\integration\spring-integration-test-support\5.5.5\spring-integration-test-support-5.5.5.jar;C:\Users\PRABHAT\.m2\repository\org\hamcrest\hamcrest-library\2.2\hamcrest-library-2.2.jar;C:\Users\PRABHAT\.m2\repository\org\hamcrest\hamcrest-core\2.2\hamcrest-core-2.2.jar;"/>
    <property name="java.vm.vendor" value="Eclipse Adoptium"/>
    <property name="sun.arch.data.model" value="64"/>
    <property name="user.variant" value=""/>
    <property name="java.vendor.url" value="https://adoptium.net/"/>
    <property name="user.timezone" value="Asia/Calcutta"/>
    <property name="os.name" value="Windows 10"/>
    <property name="java.vm.specification.version" value="17"/>
    <property name="sun.java.launcher" value="SUN_STANDARD"/>
    <property name="user.country" value="IN"/>
    <property name="sun.boot.library.path" value="C:\Program Files\sts-4.13.0.RELEASE\plugins\org.eclipse.justj.openjdk.hotspot.jre.full.win32.x86_64_17.0.1.v20211116-1657\jre\bin"/>
    <property name="sun.java.command" value="C:\Users\PRABHAT\AppData\Local\Temp\surefire13947931063208004201\surefirebooter11778759158309073642.jar C:\Users\PRABHAT\AppData\Local\Temp\surefire13947931063208004201 2022-06-16T17-47-38_121-jvmRun1 surefire47298389386397876tmp surefire_0761347288160597338tmp"/>
    <property name="jdk.debug" value="release"/>
    <property name="surefire.test.class.path" value="D:\sts\pubsubdemo\target\test-classes;D:\sts\pubsubdemo\target\classes;C:\Users\PRABHAT\.m2\repository\org\springframework\boot\spring-boot-starter-integration\2.5.6\spring-boot-starter-integration-2.5.6.jar;C:\Users\PRABHAT\.m2\repository\org\springframework\boot\spring-boot-starter-aop\2.5.6\spring-boot-starter-aop-2.5.6.jar;C:\Users\PRABHAT\.m2\repository\org\springframework\spring-aop\5.3.12\spring-aop-5.3.12.jar;C:\Users\PRABHAT\.m2\repository\org\aspectj\aspectjweaver\1.9.7\aspectjweaver-1.9.7.jar;C:\Users\PRABHAT\.m2\repository\org\springframework\integration\spring-integration-core\5.5.5\spring-integration-core-5.5.5.jar;C:\Users\PRABHAT\.m2\repository\org\springframework\spring-context\5.3.12\spring-context-5.3.12.jar;C:\Users\PRABHAT\.m2\repository\org\springframework\spring-messaging\5.3.12\spring-messaging-5.3.12.jar;C:\Users\PRABHAT\.m2\repository\org\springframework\spring-tx\5.3.12\spring-tx-5.3.12.jar;C:\Users\PRABHAT\.m2\repository\org\springframework\retry\spring-retry\1.3.1\spring-retry-1.3.1.jar;C:\Users\PRABHAT\.m2\repository\javax\annotation\javax.annotation-api\1.3.2\javax.annotation-api-1.3.2.jar;C:\Users\PRABHAT\.m2\repository\io\projectreactor\reactor-core\3.4.11\reactor-core-3.4.11.jar;C:\Users\PRABHAT\.m2\repository\org\reactivestreams\reactive-streams\1.0.3\reactive-streams-1.0.3.jar;C:\Users\PRABHAT\.m2\repository\org\springframework\boot\spring-boot-starter-web\2.5.6\spring-boot-starter-web-2.5.6.jar;C:\Users\PRABHAT\.m2\repository\org\springframework\boot\spring-boot-starter\2.5.6\spring-boot-starter-2.5.6.jar;C:\Users\PRABHAT\.m2\repository\org\springframework\boot\spring-boot\2.5.6\spring-boot-2.5.6.jar;C:\Users\PRABHAT\.m2\repository\org\springframework\boot\spring-boot-autoconfigure\2.5.6\spring-boot-autoconfigure-2.5.6.jar;C:\Users\PRABHAT\.m2\repository\org\springframework\boot\spring-boot-starter-logging\2.5.6\spring-boot-starter-logging-2.5.6.jar;C:\Users\PRABHAT\.m2\repository\ch\qos\logback\logback-classic\1.2.6\logback-classic-1.2.6.jar;C:\Users\PRABHAT\.m2\repository\ch\qos\logback\logback-core\1.2.6\logback-core-1.2.6.jar;C:\Users\PRABHAT\.m2\repository\org\apache\logging\log4j\log4j-to-slf4j\2.14.1\log4j-to-slf4j-2.14.1.jar;C:\Users\PRABHAT\.m2\repository\org\apache\logging\log4j\log4j-api\2.14.1\log4j-api-2.14.1.jar;C:\Users\PRABHAT\.m2\repository\org\slf4j\jul-to-slf4j\1.7.32\jul-to-slf4j-1.7.32.jar;C:\Users\PRABHAT\.m2\repository\jakarta\annotation\jakarta.annotation-api\1.3.5\jakarta.annotation-api-1.3.5.jar;C:\Users\PRABHAT\.m2\repository\org\yaml\snakeyaml\1.28\snakeyaml-1.28.jar;C:\Users\PRABHAT\.m2\repository\org\springframework\boot\spring-boot-starter-json\2.5.6\spring-boot-starter-json-2.5.6.jar;C:\Users\PRABHAT\.m2\repository\com\fasterxml\jackson\core\jackson-databind\2.12.5\jackson-databind-2.12.5.jar;C:\Users\PRABHAT\.m2\repository\com\fasterxml\jackson\core\jackson-annotations\2.12.5\jackson-annotations-2.12.5.jar;C:\Users\PRABHAT\.m2\repository\com\fasterxml\jackson\core\jackson-core\2.12.5\jackson-core-2.12.5.jar;C:\Users\PRABHAT\.m2\repository\com\fasterxml\jackson\datatype\jackson-datatype-jdk8\2.12.5\jackson-datatype-jdk8-2.12.5.jar;C:\Users\PRABHAT\.m2\repository\com\fasterxml\jackson\datatype\jackson-datatype-jsr310\2.12.5\jackson-datatype-jsr310-2.12.5.jar;C:\Users\PRABHAT\.m2\repository\com\fasterxml\jackson\module\jackson-module-parameter-names\2.12.5\jackson-module-parameter-names-2.12.5.jar;C:\Users\PRABHAT\.m2\repository\org\springframework\boot\spring-boot-starter-tomcat\2.5.6\spring-boot-starter-tomcat-2.5.6.jar;C:\Users\PRABHAT\.m2\repository\org\apache\tomcat\embed\tomcat-embed-core\9.0.54\tomcat-embed-core-9.0.54.jar;C:\Users\PRABHAT\.m2\repository\org\apache\tomcat\embed\tomcat-embed-el\9.0.54\tomcat-embed-el-9.0.54.jar;C:\Users\PRABHAT\.m2\repository\org\apache\tomcat\embed\tomcat-embed-websocket\9.0.54\tomcat-embed-websocket-9.0.54.jar;C:\Users\PRABHAT\.m2\repository\org\springframework\spring-web\5.3.12\spring-web-5.3.12.jar;C:\Users\PRABHAT\.m2\repository\org\springframework\spring-beans\5.3.12\spring-beans-5.3.12.jar;C:\Users\PRABHAT\.m2\repository\org\springframework\spring-webmvc\5.3.12\spring-webmvc-5.3.12.jar;C:\Users\PRABHAT\.m2\repository\org\springframework\spring-expression\5.3.12\spring-expression-5.3.12.jar;C:\Users\PRABHAT\.m2\repository\com\google\cloud\spring-cloud-gcp-starter-pubsub\2.0.0-RC2\spring-cloud-gcp-starter-pubsub-2.0.0-RC2.jar;C:\Users\PRABHAT\.m2\repository\com\google\cloud\spring-cloud-gcp-starter\2.0.0-RC2\spring-cloud-gcp-starter-2.0.0-RC2.jar;C:\Users\PRABHAT\.m2\repository\com\google\cloud\spring-cloud-gcp-core\2.0.0-RC2\spring-cloud-gcp-core-2.0.0-RC2.jar;C:\Users\PRABHAT\.m2\repository\com\google\cloud\google-cloud-core\1.93.9\google-cloud-core-1.93.9.jar;C:\Users\PRABHAT\.m2\repository\com\google\cloud\spring-cloud-gcp-autoconfigure\2.0.0-RC2\spring-cloud-gcp-autoconfigure-2.0.0-RC2.jar;C:\Users\PRABHAT\.m2\repository\com\google\cloud\spring-cloud-gcp-pubsub\2.0.0-RC2\spring-cloud-gcp-pubsub-2.0.0-RC2.jar;C:\Users\PRABHAT\.m2\repository\com\google\cloud\google-cloud-pubsub\1.108.6\google-cloud-pubsub-1.108.6.jar;C:\Users\PRABHAT\.m2\repository\io\grpc\grpc-api\1.33.0\grpc-api-1.33.0.jar;C:\Users\PRABHAT\.m2\repository\io\grpc\grpc-context\1.33.0\grpc-context-1.33.0.jar;C:\Users\PRABHAT\.m2\repository\org\codehaus\mojo\animal-sniffer-annotations\1.19\animal-sniffer-annotations-1.19.jar;C:\Users\PRABHAT\.m2\repository\io\grpc\grpc-stub\1.33.0\grpc-stub-1.33.0.jar;C:\Users\PRABHAT\.m2\repository\io\grpc\grpc-protobuf\1.33.0\grpc-protobuf-1.33.0.jar;C:\Users\PRABHAT\.m2\repository\io\grpc\grpc-protobuf-lite\1.32.2\grpc-protobuf-lite-1.32.2.jar;C:\Users\PRABHAT\.m2\repository\com\google\api\api-common\1.10.0\api-common-1.10.0.jar;C:\Users\PRABHAT\.m2\repository\com\google\protobuf\protobuf-java\3.13.0\protobuf-java-3.13.0.jar;C:\Users\PRABHAT\.m2\repository\com\google\api\grpc\proto-google-common-protos\1.18.1\proto-google-common-protos-1.18.1.jar;C:\Users\PRABHAT\.m2\repository\com\google\api\grpc\proto-google-cloud-pubsub-v1\1.90.6\proto-google-cloud-pubsub-v1-1.90.6.jar;C:\Users\PRABHAT\.m2\repository\com\google\api\grpc\proto-google-iam-v1\1.0.1\proto-google-iam-v1-1.0.1.jar;C:\Users\PRABHAT\.m2\repository\com\google\guava\guava\29.0-jre\guava-29.0-jre.jar;C:\Users\PRABHAT\.m2\repository\org\checkerframework\checker-qual\2.11.1\checker-qual-2.11.1.jar;C:\Users\PRABHAT\.m2\repository\com\google\guava\failureaccess\1.0.1\failureaccess-1.0.1.jar;C:\Users\PRABHAT\.m2\repository\com\google\guava\listenablefuture\9999.0-empty-to-avoid-conflict-with-guava\listenablefuture-9999.0-empty-to-avoid-conflict-with-guava.jar;C:\Users\PRABHAT\.m2\repository\org\checkerframework\checker-compat-qual\2.5.5\checker-compat-qual-2.5.5.jar;C:\Users\PRABHAT\.m2\repository\com\google\j2objc\j2objc-annotations\1.3\j2objc-annotations-1.3.jar;C:\Users\PRABHAT\.m2\repository\com\google\api\gax\1.60.0\gax-1.60.0.jar;C:\Users\PRABHAT\.m2\repository\com\google\auth\google-auth-library-oauth2-http\0.22.0\google-auth-library-oauth2-http-0.22.0.jar;C:\Users\PRABHAT\.m2\repository\com\google\http-client\google-http-client-jackson2\1.37.0\google-http-client-jackson2-1.37.0.jar;C:\Users\PRABHAT\.m2\repository\com\google\api\gax-grpc\1.60.0\gax-grpc-1.60.0.jar;C:\Users\PRABHAT\.m2\repository\io\grpc\grpc-auth\1.33.0\grpc-auth-1.33.0.jar;C:\Users\PRABHAT\.m2\repository\com\google\auth\google-auth-library-credentials\0.22.0\google-auth-library-credentials-0.22.0.jar;C:\Users\PRABHAT\.m2\repository\io\grpc\grpc-netty-shaded\1.33.0\grpc-netty-shaded-1.33.0.jar;C:\Users\PRABHAT\.m2\repository\io\grpc\grpc-alts\1.33.0\grpc-alts-1.33.0.jar;C:\Users\PRABHAT\.m2\repository\io\grpc\grpc-grpclb\1.33.0\grpc-grpclb-1.33.0.jar;C:\Users\PRABHAT\.m2\repository\com\google\protobuf\protobuf-java-util\3.13.0\protobuf-java-util-3.13.0.jar;C:\Users\PRABHAT\.m2\repository\org\apache\commons\commons-lang3\3.12.0\commons-lang3-3.12.0.jar;C:\Users\PRABHAT\.m2\repository\org\conscrypt\conscrypt-openjdk-uber\2.2.1\conscrypt-openjdk-uber-2.2.1.jar;C:\Users\PRABHAT\.m2\repository\org\threeten\threetenbp\1.4.5\threetenbp-1.4.5.jar;C:\Users\PRABHAT\.m2\repository\com\google\code\findbugs\jsr305\3.0.2\jsr305-3.0.2.jar;C:\Users\PRABHAT\.m2\repository\io\opencensus\opencensus-api\0.24.0\opencensus-api-0.24.0.jar;C:\Users\PRABHAT\.m2\repository\io\grpc\grpc-core\1.33.0\grpc-core-1.33.0.jar;C:\Users\PRABHAT\.m2\repository\com\google\code\gson\gson\2.8.8\gson-2.8.8.jar;C:\Users\PRABHAT\.m2\repository\com\google\android\annotations\4.1.1.4\annotations-4.1.1.4.jar;C:\Users\PRABHAT\.m2\repository\io\perfmark\perfmark-api\0.19.0\perfmark-api-0.19.0.jar;C:\Users\PRABHAT\.m2\repository\com\google\errorprone\error_prone_annotations\2.4.0\error_prone_annotations-2.4.0.jar;C:\Users\PRABHAT\.m2\repository\com\google\auto\value\auto-value-annotations\1.7.2\auto-value-annotations-1.7.2.jar;C:\Users\PRABHAT\.m2\repository\com\google\http-client\google-http-client\1.37.0\google-http-client-1.37.0.jar;C:\Users\PRABHAT\.m2\repository\org\apache\httpcomponents\httpclient\4.5.13\httpclient-4.5.13.jar;C:\Users\PRABHAT\.m2\repository\commons-logging\commons-logging\1.2\commons-logging-1.2.jar;C:\Users\PRABHAT\.m2\repository\commons-codec\commons-codec\1.15\commons-codec-1.15.jar;C:\Users\PRABHAT\.m2\repository\org\apache\httpcomponents\httpcore\4.4.14\httpcore-4.4.14.jar;C:\Users\PRABHAT\.m2\repository\io\opencensus\opencensus-contrib-http-util\0.24.0\opencensus-contrib-http-util-0.24.0.jar;C:\Users\PRABHAT\.m2\repository\org\slf4j\slf4j-api\1.7.32\slf4j-api-1.7.32.jar;C:\Users\PRABHAT\.m2\repository\org\springframework\boot\spring-boot-starter-test\2.5.6\spring-boot-starter-test-2.5.6.jar;C:\Users\PRABHAT\.m2\repository\org\springframework\boot\spring-boot-test\2.5.6\spring-boot-test-2.5.6.jar;C:\Users\PRABHAT\.m2\repository\org\springframework\boot\spring-boot-test-autoconfigure\2.5.6\spring-boot-test-autoconfigure-2.5.6.jar;C:\Users\PRABHAT\.m2\repository\com\jayway\jsonpath\json-path\2.5.0\json-path-2.5.0.jar;C:\Users\PRABHAT\.m2\repository\net\minidev\json-smart\2.4.7\json-smart-2.4.7.jar;C:\Users\PRABHAT\.m2\repository\net\minidev\accessors-smart\2.4.7\accessors-smart-2.4.7.jar;C:\Users\PRABHAT\.m2\repository\org\ow2\asm\asm\9.1\asm-9.1.jar;C:\Users\PRABHAT\.m2\repository\jakarta\xml\bind\jakarta.xml.bind-api\2.3.3\jakarta.xml.bind-api-2.3.3.jar;C:\Users\PRABHAT\.m2\repository\jakarta\activation\jakarta.activation-api\1.2.2\jakarta.activation-api-1.2.2.jar;C:\Users\PRABHAT\.m2\repository\org\assertj\assertj-core\3.19.0\assertj-core-3.19.0.jar;C:\Users\PRABHAT\.m2\repository\org\hamcrest\hamcrest\2.2\hamcrest-2.2.jar;C:\Users\PRABHAT\.m2\repository\org\junit\jupiter\junit-jupiter\5.7.2\junit-jupiter-5.7.2.jar;C:\Users\PRABHAT\.m2\repository\org\junit\jupiter\junit-jupiter-api\5.7.2\junit-jupiter-api-5.7.2.jar;C:\Users\PRABHAT\.m2\repository\org\apiguardian\apiguardian-api\1.1.0\apiguardian-api-1.1.0.jar;C:\Users\PRABHAT\.m2\repository\org\opentest4j\opentest4j\1.2.0\opentest4j-1.2.0.jar;C:\Users\PRABHAT\.m2\repository\org\junit\platform\junit-platform-commons\1.7.2\junit-platform-commons-1.7.2.jar;C:\Users\PRABHAT\.m2\repository\org\junit\jupiter\junit-jupiter-params\5.7.2\junit-jupiter-params-5.7.2.jar;C:\Users\PRABHAT\.m2\repository\org\junit\jupiter\junit-jupiter-engine\5.7.2\junit-jupiter-engine-5.7.2.jar;C:\Users\PRABHAT\.m2\repository\org\junit\platform\junit-platform-engine\1.7.2\junit-platform-engine-1.7.2.jar;C:\Users\PRABHAT\.m2\repository\org\mockito\mockito-core\3.9.0\mockito-core-3.9.0.jar;C:\Users\PRABHAT\.m2\repository\net\bytebuddy\byte-buddy\1.10.22\byte-buddy-1.10.22.jar;C:\Users\PRABHAT\.m2\repository\net\bytebuddy\byte-buddy-agent\1.10.22\byte-buddy-agent-1.10.22.jar;C:\Users\PRABHAT\.m2\repository\org\objenesis\objenesis\3.2\objenesis-3.2.jar;C:\Users\PRABHAT\.m2\repository\org\mockito\mockito-junit-jupiter\3.9.0\mockito-junit-jupiter-3.9.0.jar;C:\Users\PRABHAT\.m2\repository\org\skyscreamer\jsonassert\1.5.0\jsonassert-1.5.0.jar;C:\Users\PRABHAT\.m2\repository\com\vaadin\external\google\android-json\0.0.20131108.vaadin1\android-json-0.0.20131108.vaadin1.jar;C:\Users\PRABHAT\.m2\repository\org\springframework\spring-core\5.3.12\spring-core-5.3.12.jar;C:\Users\PRABHAT\.m2\repository\org\springframework\spring-jcl\5.3.12\spring-jcl-5.3.12.jar;C:\Users\PRABHAT\.m2\repository\org\springframework\spring-test\5.3.12\spring-test-5.3.12.jar;C:\Users\PRABHAT\.m2\repository\org\xmlunit\xmlunit-core\2.8.3\xmlunit-core-2.8.3.jar;C:\Users\PRABHAT\.m2\repository\org\springframework\integration\spring-integration-test\5.5.5\spring-integration-test-5.5.5.jar;C:\Users\PRABHAT\.m2\repository\org\springframework\integration\spring-integration-test-support\5.5.5\spring-integration-test-support-5.5.5.jar;C:\Users\PRABHAT\.m2\repository\org\hamcrest\hamcrest-library\2.2\hamcrest-library-2.2.jar;C:\Users\PRABHAT\.m2\repository\org\hamcrest\hamcrest-core\2.2\hamcrest-core-2.2.jar;"/>
    <property name="sun.cpu.endian" value="little"/>
    <property name="user.home" value="C:\Users\PRABHAT"/>
    <property name="user.language" value="en"/>
    <property name="java.specification.vendor" value="Oracle Corporation"/>
    <property name="java.version.date" value="2021-10-19"/>
    <property name="java.home" value="C:\Program Files\sts-4.13.0.RELEASE\plugins\org.eclipse.justj.openjdk.hotspot.jre.full.win32.x86_64_17.0.1.v20211116-1657\jre"/>
    <property name="file.separator" value="\"/>
    <property name="style.color" value="always"/>
    <property name="basedir" value="D:\sts\pubsubdemo"/>
    <property name="java.vm.compressedOopsMode" value="Zero based"/>
    <property name="line.separator" value="&#10;"/>
    <property name="java.vm.specification.vendor" value="Oracle Corporation"/>
    <property name="java.specification.name" value="Java Platform API Specification"/>
    <property name="surefire.real.class.path" value="C:\Users\PRABHAT\AppData\Local\Temp\surefire13947931063208004201\surefirebooter11778759158309073642.jar"/>
    <property name="user.script" value=""/>
    <property name="sun.management.compiler" value="HotSpot 64-Bit Tiered Compilers"/>
    <property name="java.runtime.version" value="17.0.1+12"/>
    <property name="user.name" value="Pooja"/>
    <property name="path.separator" value=";"/>
    <property name="os.version" value="10.0"/>
    <property name="java.runtime.name" value="OpenJDK Runtime Environment"/>
    <property name="file.encoding" value="Cp1252"/>
    <property name="java.vm.name" value="OpenJDK 64-Bit Server VM"/>
    <property name="java.vendor.version" value="Temurin-17.0.1+12"/>
    <property name="localRepository" value="C:\Users\PRABHAT\.m2\repository"/>
    <property name="java.vendor.url.bug" value="https://github.com/adoptium/adoptium-support/issues"/>
    <property name="java.io.tmpdir" value="C:\Users\PRABHAT\AppData\Local\Temp\"/>
    <property name="java.version" value="17.0.1"/>
    <property name="user.dir" value="D:\sts\pubsubdemo"/>
    <property name="os.arch" value="amd64"/>
    <property name="java.vm.specification.name" value="Java Virtual Machine Specification"/>
    <property name="sun.os.patch.level" value=""/>
    <property name="native.encoding" value="Cp1252"/>
    <property name="java.library.path" value="C:\Program Files\sts-4.13.0.RELEASE\plugins\org.eclipse.justj.openjdk.hotspot.jre.full.win32.x86_64_17.0.1.v20211116-1657\jre\bin;C:\WINDOWS\Sun\Java\bin;C:\WINDOWS\system32;C:\WINDOWS;C:/Program Files/sts-4.13.0.RELEASE//plugins/org.eclipse.justj.openjdk.hotspot.jre.full.win32.x86_64_17.0.1.v20211116-1657/jre/bin/server;C:/Program Files/sts-4.13.0.RELEASE//plugins/org.eclipse.justj.openjdk.hotspot.jre.full.win32.x86_64_17.0.1.v20211116-1657/jre/bin;C:\Program Files (x86)\Intel\iCLS Client\;C:\Program Files\Intel\iCLS Client\;C:\windows\system32;C:\windows;C:\windows\System32\Wbem;C:\windows\System32\WindowsPowerShell\v1.0\;C:\Program Files (x86)\NVIDIA Corporation\PhysX\Common;C:\WINDOWS\system32;C:\WINDOWS;C:\WINDOWS\System32\Wbem;C:\WINDOWS\System32\WindowsPowerShell\v1.0\;C:\Program Files (x86)\Intel\Intel(R) Management Engine Components\DAL;C:\Program Files\Intel\Intel(R) Management Engine Components\DAL;C:\Program Files (x86)\Intel\Intel(R) Management Engine Components\IPT;C:\Program Files\Intel\Intel(R) Management Engine Components\IPT;C:\WINDOWS\System32\OpenSSH\;C:\Program Files\Intel\WiFi\bin\;C:\Program Files\Common Files\Intel\WirelessCommon\;C:\Program Files\PuTTY\;C:\Program Files\Git\cmd;C:\Program Files (x86)\Gow\bin;C:\opt\spark\spark-3.1.2-bin-hadoop3.2\bin;C:\Users\PRABHAT\Anaconda3;C:\Users\PRABHAT\Anaconda3\Scripts;C:\Program Files (x86)\Common Files\Oracle\Java\javapath;C:\Program Files\MongoDB\Server\5.0\bin;C:\Users\PRABHAT\AppData\Local\Programs\Python\Python36\Scripts\;C:\Users\PRABHAT\AppData\Local\Programs\Python\Python36\;C:\Program Files\MongoDB\Server\5.0\bin;C:\Users\PRABHAT\AppData\Local\Programs\Microsoft VS Code\bin;C:\Users\PRABHAT\AppData\Local\Microsoft\WindowsApps;C:\Program Files\Java\jdk-14.0.1\bin;C:\Program Files\apache-maven-3.8.4\bin;D:\sts\SimplePubSub\src\main\resources\pubsubdemo-353505-dd7833f82464.json;;C:\Program Files\sts-4.13.0.RELEASE;;."/>
    <property name="java.vm.info" value="mixed mode"/>
    <property name="java.vendor" value="Eclipse Adoptium"/>
    <property name="java.vm.version" value="17.0.1+12"/>
    <property name="sun.io.unicode.encoding" value="UnicodeLittle"/>
    <property name="java.class.version" value="61.0"/>
  </properties>
  <testcase name="com.anbu.pubsubdemo.PubsubdemoApplicationTests" classname="com.anbu.pubsubdemo.PubsubdemoApplicationTests" time="0.521">
    <error message="Unable to find a @SpringBootConfiguration, you need to use @ContextConfiguration or @SpringBootTest(classes=...) with your test" type="java.lang.IllegalStateException">java.lang.IllegalStateException: Unable to find a @SpringBootConfiguration, you need to use @ContextConfiguration or @SpringBootTest(classes=...) with your test
</error>
    <system-out><![CDATA[17:47:46.730 [main] DEBUG org.springframework.test.context.BootstrapUtils - Instantiating CacheAwareContextLoaderDelegate from class [org.springframework.test.context.cache.DefaultCacheAwareContextLoaderDelegate]
17:47:46.744 [main] DEBUG org.springframework.test.context.BootstrapUtils - Instantiating BootstrapContext using constructor [public org.springframework.test.context.support.DefaultBootstrapContext(java.lang.Class,org.springframework.test.context.CacheAwareContextLoaderDelegate)]
17:47:46.815 [main] DEBUG org.springframework.test.context.BootstrapUtils - Instantiating TestContextBootstrapper for test class [com.anbu.pubsubdemo.PubsubdemoApplicationTests] from class [org.springframework.boot.test.context.SpringBootTestContextBootstrapper]
17:47:46.852 [main] INFO org.springframework.boot.test.context.SpringBootTestContextBootstrapper - Neither @ContextConfiguration nor @ContextHierarchy found for test class [com.anbu.pubsubdemo.PubsubdemoApplicationTests], using SpringBootContextLoader
17:47:46.861 [main] DEBUG org.springframework.test.context.support.AbstractContextLoader - Did not detect default resource location for test class [com.anbu.pubsubdemo.PubsubdemoApplicationTests]: class path resource [com/anbu/pubsubdemo/PubsubdemoApplicationTests-context.xml] does not exist
17:47:46.862 [main] DEBUG org.springframework.test.context.support.AbstractContextLoader - Did not detect default resource location for test class [com.anbu.pubsubdemo.PubsubdemoApplicationTests]: class path resource [com/anbu/pubsubdemo/PubsubdemoApplicationTestsContext.groovy] does not exist
17:47:46.862 [main] INFO org.springframework.test.context.support.AbstractContextLoader - Could not detect default resource locations for test class [com.anbu.pubsubdemo.PubsubdemoApplicationTests]: no resource found for suffixes {-context.xml, Context.groovy}.
17:47:46.863 [main] INFO org.springframework.test.context.support.AnnotationConfigContextLoaderUtils - Could not detect default configuration classes for test class [com.anbu.pubsubdemo.PubsubdemoApplicationTests]: PubsubdemoApplicationTests does not declare any static, non-private, non-final, nested classes annotated with @Configuration.
17:47:46.988 [main] DEBUG org.springframework.test.context.support.ActiveProfilesUtils - Could not find an 'annotation declaring class' for annotation type [org.springframework.test.context.ActiveProfiles] and class [com.anbu.pubsubdemo.PubsubdemoApplicationTests]
]]></system-out>
  </testcase>
</testsuite>